<?xml version="1.0" encoding="UTF-8"?>
<testsuites>
    <testsuite name="see-friends-to-chat;show-list-of-friends" tests="3" failures="0" skipped="0">
        <properties>
            <property name="URI" value="C:/Users/linom/GitHub/dechat_es4b/features/frienlist.feature">
            </property>
        </properties>
        <testcase name="Given user logged with &quot;cuentapruebas&quot; and &quot;monkey&quot;" classname="see-friends-to-chat;show-list-of-friends" time="8.422425534">
        </testcase>
        <testcase name="When user clicks on &quot;New chat&quot;" classname="see-friends-to-chat;show-list-of-friends" time="0.000435627">
        </testcase>
        <testcase name="Then &quot;dechates4btest1&quot; appers in partner selector menu" classname="see-friends-to-chat;show-list-of-friends" time="0.637907744">
        </testcase>
    </testsuite>
    <testsuite name="log-in-the-chat;correct-login" tests="2" failures="0" skipped="0">
        <properties>
            <property name="URI" value="C:/Users/linom/GitHub/dechat_es4b/features/login.feature">
            </property>
        </properties>
        <testcase name="Given user tries to login with valid &quot;cuentapruebas&quot; and &quot;monkey&quot;" classname="log-in-the-chat;correct-login" time="7.086541727">
        </testcase>
        <testcase name="Then login successful as &quot;cuentapruebas&quot;" classname="log-in-the-chat;correct-login" time="0.109823667">
        </testcase>
    </testsuite>
    <testsuite name="log-in-the-chat;wrong-login" tests="2" failures="0" skipped="0">
        <properties>
            <property name="URI" value="C:/Users/linom/GitHub/dechat_es4b/features/login.feature">
            </property>
        </properties>
        <testcase name="Given user tries to login with valid &quot;cuentapruebas&quot; and wrong &quot;fail&quot;" classname="log-in-the-chat;wrong-login" time="6.883382087">
        </testcase>
        <testcase name="Then login fails and a error message is shown" classname="log-in-the-chat;wrong-login" time="0.020381457">
        </testcase>
    </testsuite>
    <testsuite name="send-a-message-to-a-friend;send-one-message-to-friend" tests="5" failures="0" skipped="0">
        <properties>
            <property name="URI" value="C:/Users/linom/GitHub/dechat_es4b/features/sendMessages.feature">
            </property>
        </properties>
        <testcase name="Given user logged with &quot;cuentapruebas&quot; and &quot;monkey&quot;" classname="send-a-message-to-a-friend;send-one-message-to-friend" time="7.080506522">
        </testcase>
        <testcase name="When user clicks on &quot;New chat&quot;" classname="send-a-message-to-a-friend;send-one-message-to-friend" time="0.000267094">
        </testcase>
        <testcase name="And &quot;dechates4btest1&quot; appers in partner selector menu" classname="send-a-message-to-a-friend;send-one-message-to-friend" time="0.569959313">
        </testcase>
        <testcase name="Then sends a &quot;Hi test user&quot;" classname="send-a-message-to-a-friend;send-one-message-to-friend" time="0.41116067">
        </testcase>
        <testcase name="Then new &quot;Hi test user&quot; appears on the chat" classname="send-a-message-to-a-friend;send-one-message-to-friend" time="4.701234092">
        </testcase>
    </testsuite>
</testsuites>